<?xml version="1.0" encoding="UTF-8"?>
<testng-results ignored="0" total="1" passed="1" failed="0" skipped="0">
  <reporter-output>
  </reporter-output>
  <suite started-at="2022-11-03T15:59:17 IST" name="testCases.NewTest" finished-at="2022-11-03T16:00:41 IST" duration-ms="84530">
    <groups>
    </groups>
    <test started-at="2022-11-03T15:59:17 IST" name="Command line test" finished-at="2022-11-03T16:00:41 IST" duration-ms="84530">
      <class name="testCases.NewTest">
        <test-method is-config="true" signature="beforeTest()[pri:0, instance:testCases.NewTest@2fb3536e]" started-at="2022-11-03T15:59:17 IST" name="beforeTest" finished-at="2022-11-03T15:59:18 IST" duration-ms="992" status="PASS">
          <reporter-output>
          </reporter-output>
        </test-method> <!-- beforeTest -->
        <test-method signature="f()[pri:0, instance:testCases.NewTest@2fb3536e]" started-at="2022-11-03T15:59:18 IST" name="f" finished-at="2022-11-03T16:00:39 IST" duration-ms="81496" status="PASS">
          <reporter-output>
          </reporter-output>
        </test-method> <!-- f -->
        <test-method is-config="true" signature="afterTest()[pri:0, instance:testCases.NewTest@2fb3536e]" started-at="2022-11-03T16:00:39 IST" name="afterTest" finished-at="2022-11-03T16:00:41 IST" duration-ms="1892" status="PASS">
          <reporter-output>
          </reporter-output>
        </test-method> <!-- afterTest -->
      </class> <!-- testCases.NewTest -->
    </test> <!-- Command line test -->
  </suite> <!-- testCases.NewTest -->
</testng-results>
